<?xml version="1.0" encoding="UTF-8"?>
<!-- Generated by org.testng.reporters.JUnitReportReporter -->
<testsuite hostname="DESKTOP-687PTL2" failures="0" tests="3" name="Selenium.Cc" time="61.284" errors="0" timestamp="2024-01-18T10:38:35 IST" skipped="0">
  <testcase classname="Selenium.Cc" name="test1" time="0.000"/>
  <system-out/>
  <testcase classname="Selenium.Cc" name="test1" time="42.276"/>
  <system-out/>
  <testcase classname="Selenium.Cc" name="test1" time="19.008"/>
  <system-out/>
</testsuite> <!-- Selenium.Cc -->
